<?xml version="1.0" encoding="UTF-8"?>
<!-- Generated by org.testng.reporters.JUnitReportReporter -->
<testsuite hostname="LAPTOP-RCK7UHOB" failures="0" tests="4" name="Testmagento" time="17.439" errors="0" timestamp="2024-10-22T00:58:03 EET" skipped="0">
  <testcase classname="Testmagento" name="signUp" time="4.682"/>
  <system-out/>
  <testcase classname="Testmagento" name="Logout" time="4.588"/>
  <system-out/>
  <testcase classname="Testmagento" name="login" time="0.823"/>
  <system-out/>
  <testcase classname="Testmagento" name="addItems" time="7.346"/>
  <system-out/>
</testsuite> <!-- Testmagento -->
