<?xml version="1.0" encoding="UTF-8"?>
<!-- Generated by org.testng.reporters.JUnitReportReporter -->
<testsuite hostname="LAPTOP-RCK7UHOB" failures="0" tests="4" name="Testmagento" time="17.815" errors="0" timestamp="2024-10-20T18:55:57 EET" skipped="0">
  <testcase classname="Testmagento" name="signUp" time="5.312"/>
  <system-out/>
  <testcase classname="Testmagento" name="Logout" time="4.636"/>
  <system-out/>
  <testcase classname="Testmagento" name="login" time="0.701"/>
  <system-out/>
  <testcase classname="Testmagento" name="addItems" time="7.166"/>
  <system-out/>
</testsuite> <!-- Testmagento -->
